#
# A fatal error has been detected by the Java Runtime Environment:
#
#  Internal Error (sharedRuntime.cpp:834), pid=10268, tid=0x0000000000000304
#  fatal error: exception happened outside interpreter, nmethods and vtable stubs at pc 0x0000000002bdc3f6
#
# JRE version: OpenJDK Runtime Environment (8.0_152-b06) (build 1.8.0_152-release-1136-b06)
# Java VM: OpenJDK 64-Bit Server VM (25.152-b06 mixed mode windows-amd64 compressed oops)
# Failed to write core dump. Minidumps are not enabled by default on client versions of Windows
#
# If you would like to submit a bug report, please visit:
#   http://bugreport.java.com/bugreport/crash.jsp
#

---------------  T H R E A D  ---------------

Current thread (0x000000001e25d000):  JavaThread "Task worker for ':'" [_thread_in_Java, id=772, stack(0x000000004b7d0000,0x000000004b8d0000)]

Stack: [0x000000004b7d0000,0x000000004b8d0000]
[error occurred during error reporting (printing stack bounds), id 0xe0000000]

Native frames: (J=compiled Java code, j=interpreted, Vv=VM code, C=native code)


---------------  P R O C E S S  ---------------

Java Threads: ( => current thread )
  0x000000001b57f800 JavaThread "ForkJoinPool.commonPool-worker-2" daemon [_thread_blocked, id=8000, stack(0x000000004c8d0000,0x000000004c9d0000)]
  0x000000001b576800 JavaThread "ForkJoinPool.commonPool-worker-1" daemon [_thread_blocked, id=2684, stack(0x000000004c7d0000,0x000000004c8d0000)]
  0x000000001b521000 JavaThread "ForkJoinPool.commonPool-worker-0" daemon [_thread_blocked, id=1060, stack(0x000000004c6d0000,0x000000004c7d0000)]
  0x000000001b525800 JavaThread "Cache worker for Java compile cache (C:\Users\Yura\AndroidStudioProjects\Sherlock\.gradle\4.6\javaCompile)" [_thread_blocked, id=10900, stack(0x000000004c5d0000,0x000000004c6d0000)]
  0x000000001b581800 JavaThread "stdout" daemon [_thread_in_native, id=9552, stack(0x000000004c4d0000,0x000000004c5d0000)]
  0x000000001b57d000 JavaThread "stderr" daemon [_thread_in_native, id=9732, stack(0x000000004c3d0000,0x000000004c4d0000)]
  0x000000001b581000 JavaThread "stdout" daemon [_thread_in_native, id=340, stack(0x000000004c2d0000,0x000000004c3d0000)]
  0x000000001b575800 JavaThread "stderr" daemon [_thread_in_native, id=5132, stack(0x000000004c1d0000,0x000000004c2d0000)]
  0x000000001b575000 JavaThread "stdout" daemon [_thread_in_native, id=2712, stack(0x000000004c0d0000,0x000000004c1d0000)]
  0x000000001e267800 JavaThread "stderr" daemon [_thread_in_native, id=4760, stack(0x000000004bfd0000,0x000000004c0d0000)]
  0x000000001e267000 JavaThread "pool-75-thread-1" [_thread_blocked, id=5412, stack(0x000000004bdd0000,0x000000004bed0000)]
  0x000000001e264800 JavaThread "Task worker for ':' Thread 3" [_thread_blocked, id=9928, stack(0x000000004b9d0000,0x000000004bad0000)]
  0x000000001e261000 JavaThread "Task worker for ':' Thread 2" [_thread_blocked, id=7176, stack(0x000000004b8d0000,0x000000004b9d0000)]
=>0x000000001e25d000 JavaThread "Task worker for ':'" [_thread_in_Java, id=772, stack(0x000000004b7d0000,0x000000004b8d0000)]
  0x000000001e263000 JavaThread "Cache worker for Build Output Cleanup Cache (C:\Users\Yura\AndroidStudioProjects\Sherlock\.gradle\buildOutputCleanup)" [_thread_blocked, id=2528, stack(0x000000004b6d0000,0x000000004b7d0000)]
  0x000000001e260000 JavaThread "Cache worker for task history cache (C:\Users\Yura\AndroidStudioProjects\Sherlock\.gradle\4.6\taskHistory)" [_thread_blocked, id=3816, stack(0x000000004b5d0000,0x000000004b6d0000)]
  0x000000001e25f800 JavaThread "Cache worker for file content cache (C:\Users\Yura\AndroidStudioProjects\Sherlock\.gradle\4.6\fileContent)" [_thread_blocked, id=6860, stack(0x000000004b4d0000,0x000000004b5d0000)]
  0x000000001e262800 JavaThread "Build operations Thread 4" [_thread_blocked, id=5656, stack(0x000000004b3d0000,0x000000004b4d0000)]
  0x000000001e25c800 JavaThread "Build operations Thread 3" [_thread_blocked, id=2416, stack(0x000000004b2d0000,0x000000004b3d0000)]
  0x000000001e25b000 JavaThread "Build operations Thread 2" [_thread_blocked, id=5380, stack(0x000000004b1d0000,0x000000004b2d0000)]
  0x000000001e25e800 JavaThread "Build operations" [_thread_blocked, id=236, stack(0x000000004b0d0000,0x000000004b1d0000)]
  0x000000001e261800 JavaThread "Cache worker for Artifact transforms cache (C:\Users\Yura\.gradle\caches\transforms-1)" [_thread_blocked, id=2648, stack(0x000000004afd0000,0x000000004b0d0000)]
  0x000000001ce90000 JavaThread "Cache worker for file hash cache (C:\Users\Yura\AndroidStudioProjects\Sherlock\.gradle\4.6\fileHashes)" [_thread_blocked, id=112, stack(0x000000004aed0000,0x000000004afd0000)]
  0x000000001ce88000 JavaThread "Stdin handler" [_thread_blocked, id=8620, stack(0x000000004add0000,0x000000004aed0000)]
  0x000000001ce8a000 JavaThread "Asynchronous log dispatcher for DefaultDaemonConnection: socket connection from /127.0.0.1:59621 to /127.0.0.1:64636" [_thread_blocked, id=3492, stack(0x000000004acd0000,0x000000004add0000)]
  0x000000001ce87000 JavaThread "Daemon worker Thread 19" [_thread_blocked, id=4224, stack(0x000000004abd0000,0x000000004acd0000)]
  0x000000001ce86800 JavaThread "Cancel handler" [_thread_blocked, id=5368, stack(0x000000004aad0000,0x000000004abd0000)]
  0x000000001ce89800 JavaThread "Handler for socket connection from /127.0.0.1:59621 to /127.0.0.1:64636" [_thread_in_native, id=3252, stack(0x000000004a9d0000,0x000000004aad0000)]
  0x000000001ce88800 JavaThread "Daemon Thread 19" [_thread_blocked, id=1932, stack(0x000000004a8d0000,0x000000004a9d0000)]
  0x000000001ce8e800 JavaThread "MarlinRenderer Disposer" daemon [_thread_blocked, id=7292, stack(0x00000000285d0000,0x00000000286d0000)]
  0x000000001ce8b000 JavaThread "Java2D Disposer" daemon [_thread_blocked, id=10612, stack(0x00000000284d0000,0x00000000285d0000)]
  0x000000001ce85000 JavaThread "pool-1-thread-1" [_thread_blocked, id=5464, stack(0x00000000226d0000,0x00000000227d0000)]
  0x000000001b522800 JavaThread "Memory manager" [_thread_blocked, id=9332, stack(0x000000001f890000,0x000000001f990000)]
  0x00000000194c1000 JavaThread "File lock request listener" [_thread_in_native, id=8180, stack(0x000000001af20000,0x000000001b020000)]
  0x000000001916c800 JavaThread "Cache worker for file hash cache (C:\Users\Yura\.gradle\caches\4.6\fileHashes)" [_thread_blocked, id=7404, stack(0x000000001ae20000,0x000000001af20000)]
  0x00000000191ef000 JavaThread "Daemon periodic checks" [_thread_blocked, id=1140, stack(0x000000001a320000,0x000000001a420000)]
  0x00000000191e1800 JavaThread "Incoming local TCP Connector on port 59621" [_thread_in_native, id=10580, stack(0x000000001a0e0000,0x000000001a1e0000)]
  0x00000000164ae000 JavaThread "Service Thread" daemon [_thread_blocked, id=2748, stack(0x00000000181d0000,0x00000000182d0000)]
  0x000000001645d800 JavaThread "C1 CompilerThread2" daemon [_thread_blocked, id=5384, stack(0x0000000017cd0000,0x0000000017dd0000)]
  0x000000001644e000 JavaThread "C2 CompilerThread1" daemon [_thread_blocked, id=2724, stack(0x0000000017bd0000,0x0000000017cd0000)]
  0x000000001644a800 JavaThread "C2 CompilerThread0" daemon [_thread_blocked, id=5460, stack(0x0000000017ad0000,0x0000000017bd0000)]
  0x0000000016449800 JavaThread "Attach Listener" daemon [_thread_blocked, id=6124, stack(0x00000000179d0000,0x0000000017ad0000)]
  0x0000000016458000 JavaThread "Signal Dispatcher" daemon [_thread_blocked, id=6712, stack(0x00000000178d0000,0x00000000179d0000)]
  0x0000000016438800 JavaThread "Finalizer" daemon [_thread_blocked, id=6848, stack(0x00000000176d0000,0x00000000177d0000)]
  0x0000000002ad1800 JavaThread "Reference Handler" daemon [_thread_blocked, id=9820, stack(0x00000000175d0000,0x00000000176d0000)]
  0x00000000029de000 JavaThread "main" [_thread_blocked, id=4448, stack(0x00000000028a0000,0x00000000029a0000)]

Other Threads:
  0x0000000016415000 VMThread [stack: 0x00000000174d0000,0x00000000175d0000] [id=9084]
  0x0000000017dfc800 WatcherThread [stack: 0x00000000182d0000,0x00000000183d0000] [id=8368]

VM state:not at safepoint (normal execution)

VM Mutex/Monitor currently owned by a thread: None

Heap:
 PSYoungGen      total 463872K, used 227885K [0x00000000e0000000, 0x0000000100000000, 0x0000000100000000)
  eden space 425984K, 52% used [0x00000000e0000000,0x00000000ed8e73e8,0x00000000fa000000)
  from space 37888K, 15% used [0x00000000fa000000,0x00000000fa5a4070,0x00000000fc500000)
  to   space 37376K, 0% used [0x00000000fdb80000,0x00000000fdb80000,0x0000000100000000)
 ParOldGen       total 130048K, used 87817K [0x00000000a0000000, 0x00000000a7f00000, 0x00000000e0000000)
  object space 130048K, 67% used [0x00000000a0000000,0x00000000a55c2410,0x00000000a7f00000)
 Metaspace       used 98586K, capacity 105744K, committed 105880K, reserved 1140736K
  class space    used 12410K, capacity 13911K, committed 14000K, reserved 1048576K

Card table byte_map: [0x0000000011ea0000,0x00000000121b0000] byte_map_base: 0x00000000119a0000

Marking Bits: (ParMarkBitMap*) 0x000000005caa5aa0
 Begin Bits: [0x00000000127b0000, 0x0000000013fb0000)
 End Bits:   [0x0000000013fb0000, 0x00000000157b0000)

Polling page: 0x0000000001030000

CodeCache: size=245760Kb used=73123Kb max_used=73134Kb free=172636Kb
 bounds [0x0000000002ae0000, 0x00000000072c0000, 0x0000000011ae0000]
 total_blobs=21695 nmethods=20705 adapters=902
 compilation: enabled

Compilation events (10 events):
Event: 8303.870 Thread 0x000000001645d800 27094       3       org.gradle.execution.taskgraph.DefaultTaskExecutionPlan::canRunWithCurrentlyExecutedTasks (229 bytes)
Event: 8303.874 Thread 0x000000001645d800 nmethod 27094 0x00000000072b4a10 code [0x00000000072b4ee0, 0x00000000072b7f68]
Event: 8304.436 Thread 0x000000001645d800 27096       1       com.android.build.gradle.internal.pipeline.ImmutableTransformInput::getDirectoryInputs (5 bytes)
Event: 8304.436 Thread 0x000000001645d800 nmethod 27096 0x0000000004ab50d0 code [0x0000000004ab5220, 0x0000000004ab5330]
Event: 8304.644 Thread 0x000000001645d800 27097       3       org.gradle.api.internal.project.taskfactory.StandardTaskAction::getClassLoader (11 bytes)
Event: 8304.645 Thread 0x000000001645d800 nmethod 27097 0x00000000072b9ad0 code [0x00000000072b9cc0, 0x00000000072ba7b8]
Event: 8304.645 Thread 0x000000001645d800 27098       3       org.gradle.api.internal.tasks.properties.GetInputPropertiesVisitor$1::create (5 bytes)
Event: 8304.646 Thread 0x000000001645d800 nmethod 27098 0x0000000004ab4d10 code [0x0000000004ab4e80, 0x0000000004ab5028]
Event: 8304.648 Thread 0x000000001644e000 27099       4       com.google.common.collect.Synchronized$SynchronizedListMultimap::delegate (5 bytes)
Event: 8304.649 Thread 0x000000001644e000 nmethod 27099 0x000000000724e3d0 code [0x000000000724e520, 0x000000000724e5d8]

GC Heap History (10 events):
Event: 6111.847 GC heap before
{Heap before GC invocations=47 (full 4):
 PSYoungGen      total 348160K, used 332784K [0x00000000e0000000, 0x00000000f7d80000, 0x0000000100000000)
  eden space 309760K, 100% used [0x00000000e0000000,0x00000000f2e80000,0x00000000f2e80000)
  from space 38400K, 59% used [0x00000000f5800000,0x00000000f6e7c148,0x00000000f7d80000)
  to   space 40448K, 0% used [0x00000000f2e80000,0x00000000f2e80000,0x00000000f5600000)
 ParOldGen       total 130048K, used 72245K [0x00000000a0000000, 0x00000000a7f00000, 0x00000000e0000000)
  object space 130048K, 55% used [0x00000000a0000000,0x00000000a468d630,0x00000000a7f00000)
 Metaspace       used 97558K, capacity 104034K, committed 104088K, reserved 1140736K
  class space    used 12307K, capacity 13744K, committed 13744K, reserved 1048576K
Event: 6114.227 GC heap after
Heap after GC invocations=47 (full 4):
 PSYoungGen      total 350208K, used 21680K [0x00000000e0000000, 0x00000000fb580000, 0x0000000100000000)
  eden space 309760K, 0% used [0x00000000e0000000,0x00000000e0000000,0x00000000f2e80000)
  from space 40448K, 53% used [0x00000000f2e80000,0x00000000f43ac260,0x00000000f5600000)
  to   space 39424K, 0% used [0x00000000f8f00000,0x00000000f8f00000,0x00000000fb580000)
 ParOldGen       total 130048K, used 73189K [0x00000000a0000000, 0x00000000a7f00000, 0x00000000e0000000)
  object space 130048K, 56% used [0x00000000a0000000,0x00000000a4779630,0x00000000a7f00000)
 Metaspace       used 97558K, capacity 104034K, committed 104088K, reserved 1140736K
  class space    used 12307K, capacity 13744K, committed 13744K, reserved 1048576K
}
Event: 7117.466 GC heap before
{Heap before GC invocations=48 (full 4):
 PSYoungGen      total 350208K, used 331440K [0x00000000e0000000, 0x00000000fb580000, 0x0000000100000000)
  eden space 309760K, 100% used [0x00000000e0000000,0x00000000f2e80000,0x00000000f2e80000)
  from space 40448K, 53% used [0x00000000f2e80000,0x00000000f43ac260,0x00000000f5600000)
  to   space 39424K, 0% used [0x00000000f8f00000,0x00000000f8f00000,0x00000000fb580000)
 ParOldGen       total 130048K, used 73189K [0x00000000a0000000, 0x00000000a7f00000, 0x00000000e0000000)
  object space 130048K, 56% used [0x00000000a0000000,0x00000000a4779630,0x00000000a7f00000)
 Metaspace       used 97907K, capacity 104704K, committed 104984K, reserved 1140736K
  class space    used 12349K, capacity 13813K, committed 13872K, reserved 1048576K
Event: 7118.245 GC heap after
Heap after GC invocations=48 (full 4):
 PSYoungGen      total 403456K, used 6512K [0x00000000e0000000, 0x00000000fb300000, 0x0000000100000000)
  eden space 366592K, 0% used [0x00000000e0000000,0x00000000e0000000,0x00000000f6600000)
  from space 36864K, 17% used [0x00000000f8f00000,0x00000000f955c060,0x00000000fb300000)
  to   space 39424K, 0% used [0x00000000f6600000,0x00000000f6600000,0x00000000f8c80000)
 ParOldGen       total 130048K, used 85582K [0x00000000a0000000, 0x00000000a7f00000, 0x00000000e0000000)
  object space 130048K, 65% used [0x00000000a0000000,0x00000000a5393a50,0x00000000a7f00000)
 Metaspace       used 97907K, capacity 104704K, committed 104984K, reserved 1140736K
  class space    used 12349K, capacity 13813K, committed 13872K, reserved 1048576K
}
Event: 7345.461 GC heap before
{Heap before GC invocations=49 (full 4):
 PSYoungGen      total 403456K, used 372686K [0x00000000e0000000, 0x00000000fb300000, 0x0000000100000000)
  eden space 366592K, 99% used [0x00000000e0000000,0x00000000f65978b8,0x00000000f6600000)
  from space 36864K, 17% used [0x00000000f8f00000,0x00000000f955c060,0x00000000fb300000)
  to   space 39424K, 0% used [0x00000000f6600000,0x00000000f6600000,0x00000000f8c80000)
 ParOldGen       total 130048K, used 85582K [0x00000000a0000000, 0x00000000a7f00000, 0x00000000e0000000)
  object space 130048K, 65% used [0x00000000a0000000,0x00000000a5393a50,0x00000000a7f00000)
 Metaspace       used 98042K, capacity 104906K, committed 104984K, reserved 1140736K
  class space    used 12357K, capacity 13814K, committed 13872K, reserved 1048576K
Event: 7345.907 GC heap after
Heap after GC invocations=49 (full 4):
 PSYoungGen      total 406016K, used 7528K [0x00000000e0000000, 0x00000000ff000000, 0x0000000100000000)
  eden space 366592K, 0% used [0x00000000e0000000,0x00000000e0000000,0x00000000f6600000)
  from space 39424K, 19% used [0x00000000f6600000,0x00000000f6d5a1b8,0x00000000f8c80000)
  to   space 38912K, 0% used [0x00000000fca00000,0x00000000fca00000,0x00000000ff000000)
 ParOldGen       total 130048K, used 85939K [0x00000000a0000000, 0x00000000a7f00000, 0x00000000e0000000)
  object space 130048K, 66% used [0x00000000a0000000,0x00000000a53ecf28,0x00000000a7f00000)
 Metaspace       used 98042K, capacity 104906K, committed 104984K, reserved 1140736K
  class space    used 12357K, capacity 13814K, committed 13872K, reserved 1048576K
}
Event: 7359.532 GC heap before
{Heap before GC invocations=50 (full 4):
 PSYoungGen      total 406016K, used 373790K [0x00000000e0000000, 0x00000000ff000000, 0x0000000100000000)
  eden space 366592K, 99% used [0x00000000e0000000,0x00000000f65ad658,0x00000000f6600000)
  from space 39424K, 19% used [0x00000000f6600000,0x00000000f6d5a1b8,0x00000000f8c80000)
  to   space 38912K, 0% used [0x00000000fca00000,0x00000000fca00000,0x00000000ff000000)
 ParOldGen       total 130048K, used 85939K [0x00000000a0000000, 0x00000000a7f00000, 0x00000000e0000000)
  object space 130048K, 66% used [0x00000000a0000000,0x00000000a53ecf28,0x00000000a7f00000)
 Metaspace       used 98191K, capacity 105042K, committed 105240K, reserved 1140736K
  class space    used 12363K, capacity 13826K, committed 13872K, reserved 1048576K
Event: 7359.559 GC heap after
Heap after GC invocations=50 (full 4):
 PSYoungGen      total 458752K, used 9140K [0x00000000e0000000, 0x00000000fea00000, 0x0000000100000000)
  eden space 425984K, 0% used [0x00000000e0000000,0x00000000e0000000,0x00000000fa000000)
  from space 32768K, 27% used [0x00000000fca00000,0x00000000fd2ed348,0x00000000fea00000)
  to   space 37888K, 0% used [0x00000000fa000000,0x00000000fa000000,0x00000000fc500000)
 ParOldGen       total 130048K, used 86968K [0x00000000a0000000, 0x00000000a7f00000, 0x00000000e0000000)
  object space 130048K, 66% used [0x00000000a0000000,0x00000000a54ee008,0x00000000a7f00000)
 Metaspace       used 98191K, capacity 105042K, committed 105240K, reserved 1140736K
  class space    used 12363K, capacity 13826K, committed 13872K, reserved 1048576K
}
Event: 8264.518 GC heap before
{Heap before GC invocations=51 (full 4):
 PSYoungGen      total 458752K, used 435124K [0x00000000e0000000, 0x00000000fea00000, 0x0000000100000000)
  eden space 425984K, 100% used [0x00000000e0000000,0x00000000fa000000,0x00000000fa000000)
  from space 32768K, 27% used [0x00000000fca00000,0x00000000fd2ed348,0x00000000fea00000)
  to   space 37888K, 0% used [0x00000000fa000000,0x00000000fa000000,0x00000000fc500000)
 ParOldGen       total 130048K, used 86968K [0x00000000a0000000, 0x00000000a7f00000, 0x00000000e0000000)
  object space 130048K, 66% used [0x00000000a0000000,0x00000000a54ee008,0x00000000a7f00000)
 Metaspace       used 98383K, capacity 105334K, committed 105496K, reserved 1140736K
  class space    used 12385K, capacity 13864K, committed 13872K, reserved 1048576K
Event: 8265.275 GC heap after
Heap after GC invocations=51 (full 4):
 PSYoungGen      total 463872K, used 5776K [0x00000000e0000000, 0x0000000100000000, 0x0000000100000000)
  eden space 425984K, 0% used [0x00000000e0000000,0x00000000e0000000,0x00000000fa000000)
  from space 37888K, 15% used [0x00000000fa000000,0x00000000fa5a4070,0x00000000fc500000)
  to   space 37376K, 0% used [0x00000000fdb80000,0x00000000fdb80000,0x0000000100000000)
 ParOldGen       total 130048K, used 87817K [0x00000000a0000000, 0x00000000a7f00000, 0x00000000e0000000)
  object space 130048K, 67% used [0x00000000a0000000,0x00000000a55c2410,0x00000000a7f00000)
 Metaspace       used 98383K, capacity 105334K, committed 105496K, reserved 1140736K
  class space    used 12385K, capacity 13864K, committed 13872K, reserved 1048576K
}

Deoptimization events (10 events):
Event: 7914.700 Thread 0x000000001b57d000 Uncommon trap: reason=unstable_if action=reinterpret pc=0x0000000006ca6590 method=java.util.concurrent.locks.AbstractQueuedSynchronizer.enq(Ljava/util/concurrent/locks/AbstractQueuedSynchronizer$Node;)Ljava/util/concurrent/locks/AbstractQueuedSynchronizer
Event: 7921.369 Thread 0x000000001b581800 Uncommon trap: reason=unstable_if action=reinterpret pc=0x0000000004c348dc method=java.lang.Integer.parseInt(Ljava/lang/String;I)I @ 122
Event: 7921.384 Thread 0x000000001b581800 Uncommon trap: reason=unstable_if action=reinterpret pc=0x0000000004b52b50 method=java.lang.Integer.parseInt(Ljava/lang/String;I)I @ 122
Event: 7921.413 Thread 0x000000001b581800 Uncommon trap: reason=unstable_if action=reinterpret pc=0x0000000004a655a0 method=com.android.ide.common.blame.MergingLogPersistUtil.extractSourcePosition(Ljava/util/Map;I)Lcom/android/ide/common/blame/SourcePosition; @ 141
Event: 8297.440 Thread 0x000000001e264800 Uncommon trap: reason=class_check action=maybe_recompile pc=0x000000000449b58c method=com.sun.tools.javac.code.Types.isAssignable(Lcom/sun/tools/javac/code/Type;Lcom/sun/tools/javac/code/Type;Lcom/sun/tools/javac/util/Warner;)Z @ 26
Event: 8297.448 Thread 0x000000001e264800 Uncommon trap: reason=class_check action=maybe_recompile pc=0x0000000004da76bc method=com.sun.tools.javac.code.Symbol.isMemberOf(Lcom/sun/tools/javac/code/Symbol$TypeSymbol;Lcom/sun/tools/javac/code/Types;)Z @ 23
Event: 8297.777 Thread 0x000000001e264800 Uncommon trap: reason=class_check action=maybe_recompile pc=0x0000000004da76bc method=com.sun.tools.javac.code.Symbol.isMemberOf(Lcom/sun/tools/javac/code/Symbol$TypeSymbol;Lcom/sun/tools/javac/code/Types;)Z @ 23
Event: 8297.778 Thread 0x000000001e264800 Uncommon trap: reason=class_check action=maybe_recompile pc=0x0000000006354634 method=com.sun.tools.javac.jvm.Gen.checkDimension(Lcom/sun/tools/javac/util/JCDiagnostic$DiagnosticPosition;Lcom/sun/tools/javac/code/Type;)V @ 63
Event: 8297.782 Thread 0x000000001e264800 Uncommon trap: reason=class_check action=maybe_recompile pc=0x0000000004006990 method=java.lang.Integer.equals(Ljava/lang/Object;)Z @ 1
Event: 8297.782 Thread 0x000000001e264800 Uncommon trap: reason=class_check action=maybe_recompile pc=0x0000000004006990 method=java.lang.Integer.equals(Ljava/lang/Object;)Z @ 1

Classes redefined (0 events):
No events

Internal exceptions (10 events):
Event: 7357.019 Thread 0x000000001b575000 Exception <a 'sun/nio/fs/WindowsException'> (0x00000000ec23d568) thrown at [D:\src\AOSP-openjdk-cygwin\jdk8u\hotspot\src\share\vm\prims\jni.cpp, line 709]
Event: 7357.039 Thread 0x000000001b575000 Exception <a 'sun/nio/fs/WindowsException'> (0x00000000ec33d9b8) thrown at [D:\src\AOSP-openjdk-cygwin\jdk8u\hotspot\src\share\vm\prims\jni.cpp, line 709]
Event: 7357.042 Thread 0x000000001ce8b800 Exception <a 'sun/nio/fs/WindowsException'> (0x00000000ec39a518) thrown at [D:\src\AOSP-openjdk-cygwin\jdk8u\hotspot\src\share\vm\prims\jni.cpp, line 709]
Event: 7357.051 Thread 0x000000001b57d000 Exception <a 'sun/nio/fs/WindowsException'> (0x00000000ec4bb318) thrown at [D:\src\AOSP-openjdk-cygwin\jdk8u\hotspot\src\share\vm\prims\jni.cpp, line 709]
Event: 7360.031 Thread 0x000000001e25e000 Implicit null exception at 0x0000000003b79121 to 0x0000000003b7a825
Event: 7908.761 Thread 0x000000001b581800 Exception <a 'sun/nio/fs/WindowsException'> (0x00000000e9429c40) thrown at [D:\src\AOSP-openjdk-cygwin\jdk8u\hotspot\src\share\vm\prims\jni.cpp, line 709]
Event: 7921.395 Thread 0x000000001b581800 Implicit null exception at 0x0000000004a64511 to 0x0000000004a6557d
Event: 8043.559 Thread 0x000000001e25c800 Exception <a 'sun/nio/fs/WindowsException'> (0x00000000ee6b4f00) thrown at [D:\src\AOSP-openjdk-cygwin\jdk8u\hotspot\src\share\vm\prims\jni.cpp, line 709]
Event: 8258.828 Thread 0x000000001ce87000 Exception <a 'sun/nio/fs/WindowsException'> (0x00000000f7d59fc8) thrown at [D:\src\AOSP-openjdk-cygwin\jdk8u\hotspot\src\share\vm\prims\jni.cpp, line 709]
Event: 8302.837 Thread 0x000000001e264800 Exception <a 'sun/nio/fs/WindowsException'> (0x00000000ecb06348) thrown at [D:\src\AOSP-openjdk-cygwin\jdk8u\hotspot\src\share\vm\prims\jni.cpp, line 709]

Events (10 events):
Event: 8302.590 Thread 0x000000001644e000 flushing nmethod 0x0000000006ca6190
Event: 8302.591 Thread 0x000000001644e000 flushing nmethod 0x0000000007003650
Event: 8302.710 Executing VM operation: RevokeBias
Event: 8302.710 Executing VM operation: RevokeBias done
Event: 8303.618 Executing VM operation: RevokeBias
Event: 8303.646 Executing VM operation: RevokeBias done
Event: 8304.388 Executing VM operation: RevokeBias
Event: 8304.388 Executing VM operation: RevokeBias done
Event: 8304.436 Thread 0x000000001b576800 Thread added: 0x000000001b576800
Event: 8304.436 Thread 0x000000001b57f800 Thread added: 0x000000001b57f800


Dynamic libraries:
0x00007ff607ca0000 - 0x00007ff607cd1000 	C:\Program Files\Android\Android Studio\jre\bin\java.exe
0x00007ff911790000 - 0x00007ff911971000 	C:\WINDOWS\SYSTEM32\ntdll.dll
0x00007ff90fba0000 - 0x00007ff90fc52000 	C:\WINDOWS\System32\KERNEL32.DLL
0x00007ff90db60000 - 0x00007ff90ddd3000 	C:\WINDOWS\System32\KERNELBASE.dll
0x00007ff90faf0000 - 0x00007ff90fb91000 	C:\WINDOWS\System32\ADVAPI32.dll
0x00007ff911160000 - 0x00007ff9111fe000 	C:\WINDOWS\System32\msvcrt.dll
0x00007ff90fc60000 - 0x00007ff90fcbb000 	C:\WINDOWS\System32\sechost.dll
0x00007ff90ec80000 - 0x00007ff90eda4000 	C:\WINDOWS\System32\RPCRT4.dll
0x00007ff9112a0000 - 0x00007ff911430000 	C:\WINDOWS\System32\USER32.dll
0x00007ff90e9e0000 - 0x00007ff90ea00000 	C:\WINDOWS\System32\win32u.dll
0x00007ff90f0e0000 - 0x00007ff90f108000 	C:\WINDOWS\System32\GDI32.dll
0x00007ff90e4f0000 - 0x00007ff90e682000 	C:\WINDOWS\System32\gdi32full.dll
0x00007ff90ea50000 - 0x00007ff90eaef000 	C:\WINDOWS\System32\msvcp_win.dll
0x00007ff90e690000 - 0x00007ff90e78a000 	C:\WINDOWS\System32\ucrtbase.dll
0x00007ff8fea90000 - 0x00007ff8fecf9000 	C:\WINDOWS\WinSxS\amd64_microsoft.windows.common-controls_6595b64144ccf1df_6.0.17134.285_none_fb4297e330656775\COMCTL32.dll
0x00007ff911430000 - 0x00007ff911753000 	C:\WINDOWS\System32\combase.dll
0x00007ff90eaf0000 - 0x00007ff90eb6a000 	C:\WINDOWS\System32\bcryptPrimitives.dll
0x00007ff90edb0000 - 0x00007ff90eddd000 	C:\WINDOWS\System32\IMM32.DLL
0x000000005c200000 - 0x000000005c2d2000 	C:\Program Files\Android\Android Studio\jre\jre\bin\msvcr100.dll
0x000000005c2e0000 - 0x000000005cb21000 	C:\Program Files\Android\Android Studio\jre\jre\bin\server\jvm.dll
0x00007ff90f000000 - 0x00007ff90f008000 	C:\WINDOWS\System32\PSAPI.DLL
0x00007ff9088e0000 - 0x00007ff9088e9000 	C:\WINDOWS\SYSTEM32\WSOCK32.dll
0x00007ff90b760000 - 0x00007ff90b783000 	C:\WINDOWS\SYSTEM32\WINMM.dll
0x00007ff906ff0000 - 0x00007ff906ffa000 	C:\WINDOWS\SYSTEM32\VERSION.dll
0x00007ff90f070000 - 0x00007ff90f0dc000 	C:\WINDOWS\System32\WS2_32.dll
0x00007ff90b730000 - 0x00007ff90b75a000 	C:\WINDOWS\SYSTEM32\WINMMBASE.dll
0x00007ff90ea00000 - 0x00007ff90ea49000 	C:\WINDOWS\System32\cfgmgr32.dll
0x00007ff905070000 - 0x00007ff90507f000 	C:\Program Files\Android\Android Studio\jre\jre\bin\verify.dll
0x00007ff8fd070000 - 0x00007ff8fd099000 	C:\Program Files\Android\Android Studio\jre\jre\bin\java.dll
0x00007ff8e6500000 - 0x00007ff8e6516000 	C:\Program Files\Android\Android Studio\jre\jre\bin\zip.dll
0x00007ff90fd20000 - 0x00007ff911160000 	C:\WINDOWS\System32\SHELL32.dll
0x00007ff90ef50000 - 0x00007ff90eff9000 	C:\WINDOWS\System32\shcore.dll
0x00007ff90dde0000 - 0x00007ff90e4ed000 	C:\WINDOWS\System32\windows.storage.dll
0x00007ff90fcc0000 - 0x00007ff90fd11000 	C:\WINDOWS\System32\shlwapi.dll
0x00007ff90dac0000 - 0x00007ff90dad1000 	C:\WINDOWS\System32\kernel.appcore.dll
0x00007ff90dae0000 - 0x00007ff90daff000 	C:\WINDOWS\System32\profapi.dll
0x00007ff90db10000 - 0x00007ff90db5c000 	C:\WINDOWS\System32\powrprof.dll
0x00007ff90db00000 - 0x00007ff90db0a000 	C:\WINDOWS\System32\FLTLIB.DLL
0x00007ff8e22b0000 - 0x00007ff8e22ca000 	C:\Program Files\Android\Android Studio\jre\jre\bin\net.dll
0x00007ff90d2c0000 - 0x00007ff90d326000 	C:\WINDOWS\system32\mswsock.dll
0x00007ff8e2290000 - 0x00007ff8e22a1000 	C:\Program Files\Android\Android Studio\jre\jre\bin\nio.dll
0x00007ff90a420000 - 0x00007ff90a43e000 	C:\Users\Yura\.gradle\native\25\windows-amd64\native-platform.dll
0x00007ff8fd060000 - 0x00007ff8fd06d000 	C:\Program Files\Android\Android Studio\jre\jre\bin\management.dll
0x00007ff90d480000 - 0x00007ff90d497000 	C:\WINDOWS\SYSTEM32\CRYPTSP.dll
0x00007ff90cea0000 - 0x00007ff90ced3000 	C:\WINDOWS\system32\rsaenh.dll
0x00007ff90d5a0000 - 0x00007ff90d5c5000 	C:\WINDOWS\SYSTEM32\bcrypt.dll
0x00007ff90d9d0000 - 0x00007ff90d9f8000 	C:\WINDOWS\SYSTEM32\USERENV.dll
0x00007ff90d470000 - 0x00007ff90d47b000 	C:\WINDOWS\SYSTEM32\CRYPTBASE.dll
0x00007ff90d040000 - 0x00007ff90d078000 	C:\WINDOWS\SYSTEM32\IPHLPAPI.DLL
0x00007ff90f930000 - 0x00007ff90f938000 	C:\WINDOWS\System32\NSI.dll
0x00007ff9082f0000 - 0x00007ff908306000 	C:\WINDOWS\SYSTEM32\dhcpcsvc6.DLL
0x00007ff9082d0000 - 0x00007ff9082ea000 	C:\WINDOWS\SYSTEM32\dhcpcsvc.DLL
0x00007ff8d5910000 - 0x00007ff8d5aa7000 	C:\Program Files\Android\Android Studio\jre\jre\bin\awt.dll
0x00007ff90f6c0000 - 0x00007ff90f782000 	C:\WINDOWS\System32\OLEAUT32.dll
0x00007ff90b160000 - 0x00007ff90b727000 	C:\WINDOWS\SYSTEM32\d2d1.dll
0x00007ff90c0b0000 - 0x00007ff90c13b000 	C:\WINDOWS\SYSTEM32\apphelp.dll
0x00007ff90c2e0000 - 0x00007ff90c309000 	C:\WINDOWS\system32\DWMAPI.DLL
0x00007ff90c210000 - 0x00007ff90c2a8000 	C:\WINDOWS\system32\uxtheme.dll
0x00007ff90cb90000 - 0x00007ff90cbc1000 	C:\WINDOWS\SYSTEM32\ntmarta.dll

VM Arguments:
jvm_args: -Xmx1536m -Dfile.encoding=windows-1251 -Duser.country=RU -Duser.language=ru -Duser.variant 
java_command: org.gradle.launcher.daemon.bootstrap.GradleDaemon 4.6
java_class_path (initial): C:\Users\Yura\.gradle\wrapper\dists\gradle-4.6-all\bcst21l2brirad8k2ben1letg\gradle-4.6\lib\gradle-launcher-4.6.jar
Launcher Type: SUN_STANDARD

Environment Variables:
PATH=C:\WINDOWS\system32;C:\WINDOWS;C:\WINDOWS\System32\Wbem;C:\WINDOWS\System32\WindowsPowerShell\v1.0\;C:\Program Files (x86)\ATI Technologies\ATI.ACE\Core-Static;C:\Program Files\Microsoft SQL Server\Client SDK\ODBC\130\Tools\Binn\;C:\Program Files (x86)\Microsoft SQL Server\140\Tools\Binn\;C:\Program Files\Microsoft SQL Server\140\Tools\Binn\;C:\Program Files\Microsoft SQL Server\140\DTS\Binn\;C:\Program Files (x86)\Microsoft SQL Server\Client SDK\ODBC\130\Tools\Binn\;C:\Program Files (x86)\Microsoft SQL Server\140\DTS\Binn\;C:\Program Files (x86)\Microsoft SQL Server\140\Tools\Binn\ManagementStudio\;C:\Program Files (x86)\Common Files\Acronis\VirtualFile\;C:\Program Files (x86)\Common Files\Acronis\VirtualFile64\;C:\Program Files (x86)\Common Files\Acronis\FileProtector\;C:\Program Files (x86)\Common Files\Acronis\FileProtector64\;C:\Program Files (x86)\Common Files\Acronis\SnapAPI\;C:\WINDOWS\System32\OpenSSH\;C:\Users\Yura\AppData\Local\Microsoft\WindowsApps;
USERNAME=Yura
OS=Windows_NT
PROCESSOR_IDENTIFIER=AMD64 Family 16 Model 5 Stepping 3, AuthenticAMD



---------------  S Y S T E M  ---------------

OS: Windows 10.0 , 64 bit Build 17134 (10.0.17134.1)

CPU:total 4 (initial active 4) (4 cores per cpu, 1 threads per core) family 16 model 5 stepping 3, cmov, cx8, fxsr, mmx, sse, sse2, sse3, popcnt, mmxext, 3dnowpref, lzcnt, sse4a, tsc, tscinvbit, tscinv

Memory: 4k page, physical 4192436k(720828k free), swap 11079780k(1596076k free)

vm_info: OpenJDK 64-Bit Server VM (25.152-b06) for windows-amd64 JRE (1.8.0_152-release-1136-b06), built by "builder" with MS VC++ 10.0 (VS2010)

time: Sat Sep 29 15:49:57 2018
elapsed time: 8305 seconds (0d 2h 18m 25s)

